<?xml version="1.0" encoding="UTF-8"?>
<!-- Generated by org.testng.reporters.JUnitReportReporter -->
<testsuite name="pages.AdminMainMenu.TestAdminMenu" tests="1" time="17.075" ignored="5" failures="0" timestamp="14 Jun 2019 11:56:30 GMT" skipped="0" hostname="Vuyo-HP" errors="0">
  <testcase name="testNavigateToMarketingAndSalesService" time="17.075" classname="pages.AdminMainMenu.TestAdminMenu"/>
  <testcase name="testSearchForProbleByProblemNumber" classname="pages.OpenRequests.TestOpenRequests">
    <skipped/>
  </testcase> <!-- testSearchForProbleByProblemNumber -->
  <testcase name="testLogin" classname="pages.loginPage.LoginTest">
    <skipped/>
  </testcase> <!-- testLogin -->
  <testcase name="testNavigateToReportProblem" classname="pages.MainMenu.MainMenu">
    <skipped/>
  </testcase> <!-- testNavigateToReportProblem -->
  <testcase name="testLogout" classname="pages.ReportProblem.ReportProblem">
    <skipped/>
  </testcase> <!-- testLogout -->
  <testcase name="testSubmitReportProblem" classname="pages.ReportProblem.ReportProblem">
    <skipped/>
  </testcase> <!-- testSubmitReportProblem -->
</testsuite> <!-- pages.AdminMainMenu.TestAdminMenu -->
