<?xml version="1.0" encoding="UTF-8"?>
<!-- Generated by org.testng.reporters.JUnitReportReporter -->
<testsuite name="pages.HomePage.HomePageTitle" tests="1" time="11.504" ignored="0" failures="0" timestamp="01 Jun 2019 09:56:30 GMT" skipped="0" hostname="NTINLTP2402984" errors="0">
  <testcase name="homePageTitleTest" time="11.504" classname="pages.HomePage.HomePageTitle"/>
</testsuite> <!-- pages.HomePage.HomePageTitle -->
