<?xml version="1.0" encoding="UTF-8"?>
<!-- Generated by org.testng.reporters.JUnitReportReporter -->
<testsuite name="pages.ReportProblem.ReportProblem" tests="2" time="23.438" ignored="0" failures="0" timestamp="14 Jun 2019 08:42:18 GMT" skipped="0" hostname="Vuyo-HP" errors="0">
  <testcase name="testLogout" time="0.846" classname="pages.ReportProblem.ReportProblem"/>
  <testcase name="testSubmitReportProblem" time="22.592" classname="pages.ReportProblem.ReportProblem"/>
</testsuite> <!-- pages.ReportProblem.ReportProblem -->
