<?xml version="1.0" encoding="UTF-8"?>
<!-- Generated by org.testng.reporters.JUnitReportReporter -->
<testsuite name="pages.HomePage.HomePageTitle" tests="1" time="20.082" ignored="0" failures="0" timestamp="10 Jun 2019 09:03:38 GMT" skipped="0" hostname="NTINLTP2402984" errors="0">
  <testcase name="homePageTitleTest" time="20.082" classname="pages.HomePage.HomePageTitle"/>
</testsuite> <!-- pages.HomePage.HomePageTitle -->
