<?xml version="1.0" encoding="UTF-8"?>
<!-- Generated by org.testng.reporters.JUnitReportReporter -->
<testsuite name="pages.MainMenu.MainMenu" tests="1" time="9.218" ignored="0" failures="0" timestamp="14 Jun 2019 08:42:18 GMT" skipped="0" hostname="Vuyo-HP" errors="0">
  <testcase name="testNavigateToReportProblem" time="9.218" classname="pages.MainMenu.MainMenu"/>
</testsuite> <!-- pages.MainMenu.MainMenu -->
